<?xml version="1.0" encoding="UTF-8"?>
<testng-results skipped="0" failed="0" total="1" passed="1">
  <reporter-output>
  </reporter-output>
  <suite name="Default suite" duration-ms="22" started-at="2018-08-07T13:30:41Z" finished-at="2018-08-07T13:30:41Z">
    <groups>
    </groups>
    <test name="Default test" duration-ms="22" started-at="2018-08-07T13:30:41Z" finished-at="2018-08-07T13:30:41Z">
      <class name="Programs.Program1">
        <test-method status="PASS" signature="m1()[pri:0, instance:Programs.Program1@a3ffec]" name="m1" duration-ms="10" started-at="2018-08-07T19:00:41Z" finished-at="2018-08-07T19:00:41Z">
          <reporter-output>
          </reporter-output>
        </test-method> <!-- m1 -->
      </class> <!-- Programs.Program1 -->
    </test> <!-- Default test -->
  </suite> <!-- Default suite -->
</testng-results>
